<?xml version="1.0" encoding="UTF-8"?>
<coverage generated="1780917741">
  <project timestamp="1780917741" name="Clover Coverage">
    <package name="App\Models">
      <file name="C:\XAMPP\htdocs\final-project-mysticake-PPPL8-C\app\Models\Address.php">
        <class name="App\Models\Address" namespace="App\Models">
          <metrics complexity="13" methods="9" coveredmethods="9" conditionals="0" coveredconditionals="0" statements="12" coveredstatements="12" elements="21" coveredelements="21"/>
        </class>
        <line num="28" type="method" name="user" visibility="public" complexity="1" crap="1" count="3"/>
        <line num="30" type="stmt" count="3"/>
        <line num="33" type="method" name="orders" visibility="public" complexity="1" crap="1" count="3"/>
        <line num="35" type="stmt" count="3"/>
        <line num="39" type="method" name="getLatitudeAttribute" visibility="public" complexity="2" crap="2" count="5"/>
        <line num="41" type="stmt" count="5"/>
        <line num="44" type="method" name="getLongitudeAttribute" visibility="public" complexity="2" crap="2" count="4"/>
        <line num="46" type="stmt" count="4"/>
        <line num="49" type="method" name="getMapUrlAttribute" visibility="public" complexity="3" crap="3" count="2"/>
        <line num="51" type="stmt" count="2"/>
        <line num="52" type="stmt" count="1"/>
        <line num="55" type="stmt" count="1"/>
        <line num="61" type="method" name="scopeForUser" visibility="public" complexity="1" crap="1" count="5"/>
        <line num="63" type="stmt" count="5"/>
        <line num="69" type="method" name="getUserAddresses" visibility="public" complexity="1" crap="1" count="1"/>
        <line num="71" type="stmt" count="1"/>
        <line num="77" type="method" name="canAddAddress" visibility="public" complexity="1" crap="1" count="1"/>
        <line num="79" type="stmt" count="1"/>
        <line num="81" type="stmt" count="1"/>
        <line num="87" type="method" name="getAddressCount" visibility="public" complexity="1" crap="1" count="1"/>
        <line num="89" type="stmt" count="1"/>
        <metrics loc="92" ncloc="77" classes="1" methods="9" coveredmethods="9" conditionals="0" coveredconditionals="0" statements="12" coveredstatements="12" elements="21" coveredelements="21"/>
      </file>
      <file name="C:\XAMPP\htdocs\final-project-mysticake-PPPL8-C\app\Models\Cart.php">
        <class name="App\Models\Cart" namespace="App\Models">
          <metrics complexity="6" methods="5" coveredmethods="5" conditionals="0" coveredconditionals="0" statements="12" coveredstatements="12" elements="17" coveredelements="17"/>
        </class>
        <line num="31" type="method" name="user" visibility="public" complexity="1" crap="1" count="3"/>
        <line num="33" type="stmt" count="3"/>
        <line num="36" type="method" name="items" visibility="public" complexity="1" crap="1" count="3"/>
        <line num="38" type="stmt" count="3"/>
        <line num="44" type="method" name="getSelectedItems" visibility="public" complexity="1" crap="1" count="2"/>
        <line num="46" type="stmt" count="2"/>
        <line num="52" type="method" name="getTotalAmount" visibility="public" complexity="2" crap="2" count="4"/>
        <line num="54" type="stmt" count="4"/>
        <line num="55" type="stmt" count="2"/>
        <line num="56" type="stmt" count="2"/>
        <line num="58" type="stmt" count="4"/>
        <line num="59" type="stmt" count="2"/>
        <line num="60" type="stmt" count="4"/>
        <line num="66" type="method" name="clearSelectedItems" visibility="public" complexity="1" crap="1" count="2"/>
        <line num="68" type="stmt" count="2"/>
        <line num="69" type="stmt" count="2"/>
        <line num="70" type="stmt" count="2"/>
        <metrics loc="73" ncloc="54" classes="1" methods="5" coveredmethods="5" conditionals="0" coveredconditionals="0" statements="12" coveredstatements="12" elements="17" coveredelements="17"/>
      </file>
      <file name="C:\XAMPP\htdocs\final-project-mysticake-PPPL8-C\app\Models\CartItem.php">
        <class name="App\Models\CartItem" namespace="App\Models">
          <metrics complexity="3" methods="3" coveredmethods="3" conditionals="0" coveredconditionals="0" statements="3" coveredstatements="3" elements="6" coveredelements="6"/>
        </class>
        <line num="23" type="method" name="cart" visibility="public" complexity="1" crap="1" count="3"/>
        <line num="25" type="stmt" count="3"/>
        <line num="28" type="method" name="product" visibility="public" complexity="1" crap="1" count="3"/>
        <line num="30" type="stmt" count="3"/>
        <line num="36" type="method" name="getSubtotal" visibility="public" complexity="1" crap="1" count="4"/>
        <line num="38" type="stmt" count="4"/>
        <metrics loc="41" ncloc="37" classes="1" methods="3" coveredmethods="3" conditionals="0" coveredconditionals="0" statements="3" coveredstatements="3" elements="6" coveredelements="6"/>
      </file>
      <file name="C:\XAMPP\htdocs\final-project-mysticake-PPPL8-C\app\Models\Chat.php">
        <class name="App\Models\Chat" namespace="App\Models">
          <metrics complexity="4" methods="4" coveredmethods="4" conditionals="0" coveredconditionals="0" statements="4" coveredstatements="4" elements="8" coveredelements="8"/>
        </class>
        <line num="31" type="method" name="user" visibility="public" complexity="1" crap="1" count="1"/>
        <line num="33" type="stmt" count="1"/>
        <line num="39" type="method" name="store" visibility="public" complexity="1" crap="1" count="1"/>
        <line num="41" type="stmt" count="1"/>
        <line num="47" type="method" name="orders" visibility="public" complexity="1" crap="1" count="1"/>
        <line num="49" type="stmt" count="1"/>
        <line num="55" type="method" name="product" visibility="public" complexity="1" crap="1" count="1"/>
        <line num="57" type="stmt" count="1"/>
        <metrics loc="60" ncloc="47" classes="1" methods="4" coveredmethods="4" conditionals="0" coveredconditionals="0" statements="4" coveredstatements="4" elements="8" coveredelements="8"/>
      </file>
      <file name="C:\XAMPP\htdocs\final-project-mysticake-PPPL8-C\app\Models\Delivery.php">
        <class name="App\Models\Delivery" namespace="App\Models">
          <metrics complexity="3" methods="3" coveredmethods="3" conditionals="0" coveredconditionals="0" statements="3" coveredstatements="3" elements="6" coveredelements="6"/>
        </class>
        <line num="28" type="method" name="orders" visibility="public" complexity="1" crap="1" count="3"/>
        <line num="30" type="stmt" count="3"/>
        <line num="36" type="method" name="getAllOptions" visibility="public" complexity="1" crap="1" count="1"/>
        <line num="38" type="stmt" count="1"/>
        <line num="44" type="method" name="getFormattedPriceAttribute" visibility="public" complexity="1" crap="1" count="6"/>
        <line num="46" type="stmt" count="6"/>
        <metrics loc="49" ncloc="36" classes="1" methods="3" coveredmethods="3" conditionals="0" coveredconditionals="0" statements="3" coveredstatements="3" elements="6" coveredelements="6"/>
      </file>
      <file name="C:\XAMPP\htdocs\final-project-mysticake-PPPL8-C\app\Models\History.php">
        <class name="App\Models\History" namespace="App\Models">
          <metrics complexity="1" methods="1" coveredmethods="1" conditionals="0" coveredconditionals="0" statements="1" coveredstatements="1" elements="2" coveredelements="2"/>
        </class>
        <line num="26" type="method" name="orders" visibility="public" complexity="1" crap="1" count="3"/>
        <line num="28" type="stmt" count="3"/>
        <metrics loc="31" ncloc="27" classes="1" methods="1" coveredmethods="1" conditionals="0" coveredconditionals="0" statements="1" coveredstatements="1" elements="2" coveredelements="2"/>
      </file>
      <file name="C:\XAMPP\htdocs\final-project-mysticake-PPPL8-C\app\Models\MysteryBox.php">
        <class name="App\Models\MysteryBox" namespace="App\Models">
          <metrics complexity="2" methods="2" coveredmethods="2" conditionals="0" coveredconditionals="0" statements="14" coveredstatements="14" elements="16" coveredelements="16"/>
        </class>
        <line num="23" type="method" name="items" visibility="public" complexity="1" crap="1" count="3"/>
        <line num="25" type="stmt" count="3"/>
        <line num="28" type="method" name="products" visibility="public" complexity="1" crap="1" count="3"/>
        <line num="30" type="stmt" count="3"/>
        <line num="31" type="stmt" count="3"/>
        <line num="32" type="stmt" count="3"/>
        <line num="33" type="stmt" count="3"/>
        <line num="34" type="stmt" count="3"/>
        <line num="35" type="stmt" count="3"/>
        <line num="36" type="stmt" count="3"/>
        <line num="37" type="stmt" count="3"/>
        <line num="38" type="stmt" count="3"/>
        <line num="39" type="stmt" count="3"/>
        <line num="40" type="stmt" count="3"/>
        <line num="41" type="stmt" count="3"/>
        <line num="42" type="stmt" count="3"/>
        <metrics loc="45" ncloc="42" classes="1" methods="2" coveredmethods="2" conditionals="0" coveredconditionals="0" statements="14" coveredstatements="14" elements="16" coveredelements="16"/>
      </file>
      <file name="C:\XAMPP\htdocs\final-project-mysticake-PPPL8-C\app\Models\MysteryBoxHistory.php">
        <class name="App\Models\MysteryBoxHistory" namespace="App\Models">
          <metrics complexity="1" methods="1" coveredmethods="1" conditionals="0" coveredconditionals="0" statements="1" coveredstatements="1" elements="2" coveredelements="2"/>
        </class>
        <line num="25" type="method" name="product" visibility="public" complexity="1" crap="1" count="3"/>
        <line num="27" type="stmt" count="3"/>
        <metrics loc="30" ncloc="26" classes="1" methods="1" coveredmethods="1" conditionals="0" coveredconditionals="0" statements="1" coveredstatements="1" elements="2" coveredelements="2"/>
      </file>
      <file name="C:\XAMPP\htdocs\final-project-mysticake-PPPL8-C\app\Models\MysteryBoxProduct.php">
        <class name="App\Models\MysteryBoxProduct" namespace="App\Models">
          <metrics complexity="2" methods="2" coveredmethods="2" conditionals="0" coveredconditionals="0" statements="2" coveredstatements="2" elements="4" coveredelements="4"/>
        </class>
        <line num="50" type="method" name="mysteryBox" visibility="public" complexity="1" crap="1" count="3"/>
        <line num="52" type="stmt" count="3"/>
        <line num="58" type="method" name="product" visibility="public" complexity="1" crap="1" count="3"/>
        <line num="60" type="stmt" count="3"/>
        <metrics loc="63" ncloc="42" classes="1" methods="2" coveredmethods="2" conditionals="0" coveredconditionals="0" statements="2" coveredstatements="2" elements="4" coveredelements="4"/>
      </file>
      <file name="C:\XAMPP\htdocs\final-project-mysticake-PPPL8-C\app\Models\OrderItem.php">
        <class name="App\Models\OrderItem" namespace="App\Models">
          <metrics complexity="4" methods="3" coveredmethods="3" conditionals="0" coveredconditionals="0" statements="5" coveredstatements="5" elements="8" coveredelements="8"/>
        </class>
        <line num="33" type="method" name="orders" visibility="public" complexity="1" crap="1" count="1"/>
        <line num="35" type="stmt" count="1"/>
        <line num="39" type="method" name="product" visibility="public" complexity="1" crap="1" count="1"/>
        <line num="41" type="stmt" count="1"/>
        <line num="45" type="method" name="calculateSubtotal" visibility="public" complexity="2" crap="2" count="2"/>
        <line num="47" type="stmt" count="2"/>
        <line num="48" type="stmt" count="1"/>
        <line num="49" type="stmt" count="1"/>
        <metrics loc="53" ncloc="41" classes="1" methods="3" coveredmethods="3" conditionals="0" coveredconditionals="0" statements="5" coveredstatements="5" elements="8" coveredelements="8"/>
      </file>
      <file name="C:\XAMPP\htdocs\final-project-mysticake-PPPL8-C\app\Models\Orders.php">
        <class name="App\Models\Orders" namespace="App\Models">
          <metrics complexity="16" methods="14" coveredmethods="12" conditionals="0" coveredconditionals="0" statements="38" coveredstatements="36" elements="52" coveredelements="48"/>
        </class>
        <line num="43" type="method" name="user" visibility="public" complexity="1" crap="1" count="1"/>
        <line num="45" type="stmt" count="1"/>
        <line num="51" type="method" name="paymentMethod" visibility="public" complexity="1" crap="1" count="1"/>
        <line num="53" type="stmt" count="1"/>
        <line num="59" type="method" name="address" visibility="public" complexity="1" crap="1" count="1"/>
        <line num="61" type="stmt" count="1"/>
        <line num="67" type="method" name="delivery" visibility="public" complexity="1" crap="1" count="1"/>
        <line num="69" type="stmt" count="1"/>
        <line num="75" type="method" name="items" visibility="public" complexity="1" crap="1" count="1"/>
        <line num="77" type="stmt" count="1"/>
        <line num="83" type="method" name="totalItems" visibility="public" complexity="1" crap="1" count="1"/>
        <line num="85" type="stmt" count="1"/>
        <line num="91" type="method" name="isCompleted" visibility="public" complexity="1" crap="1" count="1"/>
        <line num="93" type="stmt" count="1"/>
        <line num="96" type="method" name="histories" visibility="public" complexity="1" crap="1" count="1"/>
        <line num="98" type="stmt" count="1"/>
        <line num="107" type="method" name="createFromCart" visibility="public" complexity="3" crap="3" count="1"/>
        <line num="112" type="stmt" count="1"/>
        <line num="114" type="stmt" count="1"/>
        <line num="115" type="stmt" count="1"/>
        <line num="116" type="stmt" count="1"/>
        <line num="119" type="stmt" count="1"/>
        <line num="120" type="stmt" count="1"/>
        <line num="121" type="stmt" count="1"/>
        <line num="122" type="stmt" count="1"/>
        <line num="123" type="stmt" count="1"/>
        <line num="124" type="stmt" count="1"/>
        <line num="125" type="stmt" count="1"/>
        <line num="126" type="stmt" count="1"/>
        <line num="127" type="stmt" count="1"/>
        <line num="128" type="stmt" count="1"/>
        <line num="131" type="stmt" count="1"/>
        <line num="132" type="stmt" count="1"/>
        <line num="133" type="stmt" count="1"/>
        <line num="134" type="stmt" count="1"/>
        <line num="135" type="stmt" count="1"/>
        <line num="139" type="stmt" count="1"/>
        <line num="140" type="stmt" count="1"/>
        <line num="143" type="stmt" count="1"/>
        <line num="146" type="method" name="resolveDelivery" visibility="protected" complexity="1" crap="2" count="0"/>
        <line num="148" type="stmt" count="0"/>
        <line num="151" type="method" name="createOrderItem" visibility="protected" complexity="1" crap="2" count="0"/>
        <line num="153" type="stmt" count="0"/>
        <line num="159" type="method" name="findByUser" visibility="public" complexity="1" crap="1" count="1"/>
        <line num="161" type="stmt" count="1"/>
        <line num="162" type="stmt" count="1"/>
        <line num="163" type="stmt" count="1"/>
        <line num="164" type="stmt" count="1"/>
        <line num="170" type="method" name="getFormattedDate" visibility="public" complexity="1" crap="1" count="1"/>
        <line num="172" type="stmt" count="1"/>
        <line num="178" type="method" name="getFormattedTotal" visibility="public" complexity="1" crap="1" count="1"/>
        <line num="180" type="stmt" count="1"/>
        <metrics loc="183" ncloc="127" classes="1" methods="14" coveredmethods="12" conditionals="0" coveredconditionals="0" statements="38" coveredstatements="36" elements="52" coveredelements="48"/>
      </file>
      <file name="C:\XAMPP\htdocs\final-project-mysticake-PPPL8-C\app\Models\PaymentMethod.php">
        <class name="App\Models\PaymentMethod" namespace="App\Models">
          <metrics complexity="3" methods="3" coveredmethods="2" conditionals="0" coveredconditionals="0" statements="3" coveredstatements="2" elements="6" coveredelements="4"/>
        </class>
        <line num="20" type="method" name="orders" visibility="public" complexity="1" crap="1" count="3"/>
        <line num="22" type="stmt" count="3"/>
        <line num="28" type="method" name="getAllMethods" visibility="public" complexity="1" crap="1" count="1"/>
        <line num="30" type="stmt" count="1"/>
        <line num="33" type="method" name="resolveAllMethods" visibility="protected" complexity="1" crap="2" count="0"/>
        <line num="35" type="stmt" count="0"/>
        <metrics loc="38" ncloc="35" classes="1" methods="3" coveredmethods="2" conditionals="0" coveredconditionals="0" statements="3" coveredstatements="2" elements="6" coveredelements="4"/>
      </file>
      <file name="C:\XAMPP\htdocs\final-project-mysticake-PPPL8-C\app\Models\Product.php">
        <class name="App\Models\Product" namespace="App\Models">
          <metrics complexity="14" methods="11" coveredmethods="11" conditionals="0" coveredconditionals="0" statements="36" coveredstatements="36" elements="47" coveredelements="47"/>
        </class>
        <line num="54" type="method" name="store" visibility="public" complexity="1" crap="1" count="1"/>
        <line num="56" type="stmt" count="1"/>
        <line num="62" type="method" name="cartItems" visibility="public" complexity="1" crap="1" count="1"/>
        <line num="64" type="stmt" count="1"/>
        <line num="70" type="method" name="orderItems" visibility="public" complexity="1" crap="1" count="1"/>
        <line num="72" type="stmt" count="1"/>
        <line num="78" type="method" name="reviews" visibility="public" complexity="1" crap="1" count="1"/>
        <line num="80" type="stmt" count="1"/>
        <line num="86" type="method" name="mysteryBoxes" visibility="public" complexity="1" crap="1" count="1"/>
        <line num="88" type="stmt" count="1"/>
        <line num="89" type="stmt" count="1"/>
        <line num="90" type="stmt" count="1"/>
        <line num="91" type="stmt" count="1"/>
        <line num="92" type="stmt" count="1"/>
        <line num="93" type="stmt" count="1"/>
        <line num="94" type="stmt" count="1"/>
        <line num="95" type="stmt" count="1"/>
        <line num="96" type="stmt" count="1"/>
        <line num="97" type="stmt" count="1"/>
        <line num="98" type="stmt" count="1"/>
        <line num="99" type="stmt" count="1"/>
        <line num="100" type="stmt" count="1"/>
        <line num="106" type="method" name="getProductPictureUrlAttribute" visibility="public" complexity="2" crap="2" count="4"/>
        <line num="108" type="stmt" count="4"/>
        <line num="109" type="stmt" count="2"/>
        <line num="110" type="stmt" count="4"/>
        <line num="116" type="method" name="isOutOfStock" visibility="public" complexity="1" crap="1" count="5"/>
        <line num="118" type="stmt" count="5"/>
        <line num="124" type="method" name="reduceStock" visibility="public" complexity="2" crap="2" count="4"/>
        <line num="126" type="stmt" count="4"/>
        <line num="127" type="stmt" count="2"/>
        <line num="128" type="stmt" count="2"/>
        <line num="135" type="method" name="addStock" visibility="public" complexity="1" crap="1" count="2"/>
        <line num="137" type="stmt" count="2"/>
        <line num="138" type="stmt" count="2"/>
        <line num="156" type="method" name="scopeSearch" visibility="public" complexity="2" crap="2" count="2"/>
        <line num="158" type="stmt" count="2"/>
        <line num="159" type="stmt" count="1"/>
        <line num="162" type="stmt" count="1"/>
        <line num="163" type="stmt" count="1"/>
        <line num="164" type="stmt" count="1"/>
        <line num="165" type="stmt" count="1"/>
        <line num="174" type="method" name="scopeHighestRated" visibility="public" complexity="1" crap="1" count="1"/>
        <line num="176" type="stmt" count="1"/>
        <line num="177" type="stmt" count="1"/>
        <line num="178" type="stmt" count="1"/>
        <line num="179" type="stmt" count="1"/>
        <metrics loc="182" ncloc="111" classes="1" methods="11" coveredmethods="11" conditionals="0" coveredconditionals="0" statements="36" coveredstatements="36" elements="47" coveredelements="47"/>
      </file>
      <file name="C:\XAMPP\htdocs\final-project-mysticake-PPPL8-C\app\Models\ReviewProduct.php">
        <class name="App\Models\ReviewProduct" namespace="App\Models">
          <metrics complexity="13" methods="10" coveredmethods="7" conditionals="0" coveredconditionals="0" statements="38" coveredstatements="30" elements="48" coveredelements="37"/>
        </class>
        <line num="58" type="method" name="product" visibility="public" complexity="1" crap="2" count="0"/>
        <line num="60" type="stmt" count="0"/>
        <line num="66" type="method" name="user" visibility="public" complexity="1" crap="2" count="0"/>
        <line num="68" type="stmt" count="0"/>
        <line num="74" type="method" name="hasComment" visibility="public" complexity="1" crap="1" count="2"/>
        <line num="76" type="stmt" count="2"/>
        <line num="82" type="method" name="isPositive" visibility="public" complexity="1" crap="1" count="2"/>
        <line num="84" type="stmt" count="2"/>
        <line num="91" type="method" name="findByProduct" visibility="public" complexity="1" crap="1" count="1"/>
        <line num="93" type="stmt" count="1"/>
        <line num="94" type="stmt" count="1"/>
        <line num="95" type="stmt" count="1"/>
        <line num="96" type="stmt" count="1"/>
        <line num="97" type="stmt" count="1"/>
        <line num="104" type="method" name="hasUserPurchased" visibility="public" complexity="1" crap="2" count="0"/>
        <line num="108" type="stmt" count="0"/>
        <line num="109" type="stmt" count="0"/>
        <line num="110" type="stmt" count="0"/>
        <line num="111" type="stmt" count="0"/>
        <line num="112" type="stmt" count="0"/>
        <line num="113" type="stmt" count="0"/>
        <line num="120" type="method" name="hasUserReviewed" visibility="public" complexity="1" crap="1" count="1"/>
        <line num="122" type="stmt" count="1"/>
        <line num="123" type="stmt" count="1"/>
        <line num="124" type="stmt" count="1"/>
        <line num="131" type="method" name="canUserReview" visibility="public" complexity="3" crap="3" count="3"/>
        <line num="134" type="stmt" count="3"/>
        <line num="135" type="stmt" count="1"/>
        <line num="136" type="stmt" count="1"/>
        <line num="137" type="stmt" count="1"/>
        <line num="138" type="stmt" count="1"/>
        <line num="142" type="stmt" count="2"/>
        <line num="143" type="stmt" count="1"/>
        <line num="144" type="stmt" count="1"/>
        <line num="145" type="stmt" count="1"/>
        <line num="146" type="stmt" count="1"/>
        <line num="149" type="stmt" count="1"/>
        <line num="150" type="stmt" count="1"/>
        <line num="151" type="stmt" count="1"/>
        <line num="152" type="stmt" count="1"/>
        <line num="158" type="method" name="getFormattedDate" visibility="public" complexity="2" crap="2" count="2"/>
        <line num="160" type="stmt" count="2"/>
        <line num="161" type="stmt" count="1"/>
        <line num="164" type="stmt" count="1"/>
        <line num="170" type="method" name="incrementLike" visibility="public" complexity="1" crap="1" count="1"/>
        <line num="172" type="stmt" count="1"/>
        <line num="173" type="stmt" count="1"/>
        <line num="175" type="stmt" count="1"/>
        <metrics loc="178" ncloc="118" classes="1" methods="10" coveredmethods="7" conditionals="0" coveredconditionals="0" statements="38" coveredstatements="30" elements="48" coveredelements="37"/>
      </file>
      <file name="C:\XAMPP\htdocs\final-project-mysticake-PPPL8-C\app\Models\ReviewStore.php">
        <class name="App\Models\ReviewStore" namespace="App\Models">
          <metrics complexity="2" methods="2" coveredmethods="2" conditionals="0" coveredconditionals="0" statements="2" coveredstatements="2" elements="4" coveredelements="4"/>
        </class>
        <line num="38" type="method" name="store" visibility="public" complexity="1" crap="1" count="1"/>
        <line num="40" type="stmt" count="1"/>
        <line num="46" type="method" name="user" visibility="public" complexity="1" crap="1" count="1"/>
        <line num="48" type="stmt" count="1"/>
        <metrics loc="51" ncloc="33" classes="1" methods="2" coveredmethods="2" conditionals="0" coveredconditionals="0" statements="2" coveredstatements="2" elements="4" coveredelements="4"/>
      </file>
      <file name="C:\XAMPP\htdocs\final-project-mysticake-PPPL8-C\app\Models\Store.php">
        <class name="App\Models\Store" namespace="App\Models">
          <metrics complexity="1" methods="1" coveredmethods="1" conditionals="0" coveredconditionals="0" statements="1" coveredstatements="1" elements="2" coveredelements="2"/>
        </class>
        <line num="24" type="method" name="products" visibility="public" complexity="1" crap="1" count="1"/>
        <line num="26" type="stmt" count="1"/>
        <metrics loc="29" ncloc="29" classes="1" methods="1" coveredmethods="1" conditionals="0" coveredconditionals="0" statements="1" coveredstatements="1" elements="2" coveredelements="2"/>
      </file>
      <file name="C:\XAMPP\htdocs\final-project-mysticake-PPPL8-C\app\Models\TopUp.php">
        <class name="App\Models\TopUp" namespace="App\Models">
          <metrics complexity="13" methods="11" coveredmethods="11" conditionals="0" coveredconditionals="0" statements="13" coveredstatements="13" elements="24" coveredelements="24"/>
        </class>
        <line num="69" type="method" name="user" visibility="public" complexity="1" crap="1" count="1"/>
        <line num="71" type="stmt" count="1"/>
        <line num="80" type="method" name="paymentMethod" visibility="public" complexity="1" crap="1" count="1"/>
        <line num="82" type="stmt" count="1"/>
        <line num="91" type="method" name="getTotalIncludingFeeAttribute" visibility="public" complexity="1" crap="1" count="2"/>
        <line num="93" type="stmt" count="2"/>
        <line num="102" type="method" name="getFormattedAmountAttribute" visibility="public" complexity="1" crap="1" count="1"/>
        <line num="104" type="stmt" count="1"/>
        <line num="113" type="method" name="getFormattedAdminFeeAttribute" visibility="public" complexity="1" crap="1" count="1"/>
        <line num="115" type="stmt" count="1"/>
        <line num="124" type="method" name="getFormattedTotalAttribute" visibility="public" complexity="1" crap="1" count="1"/>
        <line num="126" type="stmt" count="1"/>
        <line num="135" type="method" name="getFormattedDatetimeAttribute" visibility="public" complexity="3" crap="3" count="2"/>
        <line num="137" type="stmt" count="2"/>
        <line num="138" type="stmt" count="1"/>
        <line num="141" type="stmt" count="1"/>
        <line num="152" type="method" name="scopeForUser" visibility="public" complexity="1" crap="1" count="1"/>
        <line num="154" type="stmt" count="1"/>
        <line num="165" type="method" name="scopeByPaymentMethod" visibility="public" complexity="1" crap="1" count="1"/>
        <line num="167" type="stmt" count="1"/>
        <line num="179" type="method" name="scopeBetweenDates" visibility="public" complexity="1" crap="1" count="1"/>
        <line num="181" type="stmt" count="1"/>
        <line num="191" type="method" name="scopeRecent" visibility="public" complexity="1" crap="1" count="1"/>
        <line num="193" type="stmt" count="1"/>
        <metrics loc="196" ncloc="95" classes="1" methods="11" coveredmethods="11" conditionals="0" coveredconditionals="0" statements="13" coveredstatements="13" elements="24" coveredelements="24"/>
      </file>
      <file name="C:\XAMPP\htdocs\final-project-mysticake-PPPL8-C\app\Models\User.php">
        <class name="App\Models\User" namespace="App\Models">
          <metrics complexity="14" methods="12" coveredmethods="12" conditionals="0" coveredconditionals="0" statements="14" coveredstatements="14" elements="26" coveredelements="26"/>
        </class>
        <line num="59" type="method" name="address" visibility="public" complexity="1" crap="1" count="1"/>
        <line num="61" type="stmt" count="1"/>
        <line num="67" type="method" name="addresses" visibility="public" complexity="1" crap="1" count="1"/>
        <line num="69" type="stmt" count="1"/>
        <line num="75" type="method" name="wallet" visibility="public" complexity="1" crap="1" count="2"/>
        <line num="77" type="stmt" count="2"/>
        <line num="81" type="method" name="getBalanceAttribute" visibility="public" complexity="2" crap="2" count="4"/>
        <line num="84" type="stmt" count="4"/>
        <line num="90" type="method" name="reviewProducts" visibility="public" complexity="1" crap="1" count="1"/>
        <line num="92" type="stmt" count="1"/>
        <line num="98" type="method" name="orders" visibility="public" complexity="1" crap="1" count="1"/>
        <line num="100" type="stmt" count="1"/>
        <line num="106" type="method" name="carts" visibility="public" complexity="1" crap="1" count="1"/>
        <line num="108" type="stmt" count="1"/>
        <line num="114" type="method" name="store" visibility="public" complexity="1" crap="1" count="1"/>
        <line num="116" type="stmt" count="1"/>
        <line num="122" type="method" name="isSeller" visibility="public" complexity="1" crap="1" count="5"/>
        <line num="124" type="stmt" count="5"/>
        <line num="130" type="method" name="isBuyer" visibility="public" complexity="1" crap="1" count="5"/>
        <line num="132" type="stmt" count="5"/>
        <line num="138" type="method" name="getProfilePictureUrlAttribute" visibility="public" complexity="2" crap="2" count="4"/>
        <line num="140" type="stmt" count="4"/>
        <line num="141" type="stmt" count="2"/>
        <line num="144" type="stmt" count="2"/>
        <line num="147" type="method" name="topUps" visibility="public" complexity="1" crap="1" count="1"/>
        <line num="149" type="stmt" count="1"/>
        <metrics loc="152" ncloc="100" classes="1" methods="12" coveredmethods="12" conditionals="0" coveredconditionals="0" statements="14" coveredstatements="14" elements="26" coveredelements="26"/>
      </file>
      <file name="C:\XAMPP\htdocs\final-project-mysticake-PPPL8-C\app\Models\Wallet.php">
        <class name="App\Models\Wallet" namespace="App\Models">
          <metrics complexity="6" methods="5" coveredmethods="3" conditionals="0" coveredconditionals="0" statements="10" coveredstatements="8" elements="15" coveredelements="11"/>
        </class>
        <line num="28" type="method" name="user" visibility="public" complexity="1" crap="2" count="0"/>
        <line num="30" type="stmt" count="0"/>
        <line num="36" type="method" name="addSaldo" visibility="public" complexity="1" crap="1" count="1"/>
        <line num="38" type="stmt" count="1"/>
        <line num="39" type="stmt" count="1"/>
        <line num="45" type="method" name="reduceSaldo" visibility="public" complexity="2" crap="2" count="2"/>
        <line num="47" type="stmt" count="2"/>
        <line num="48" type="stmt" count="1"/>
        <line num="49" type="stmt" count="1"/>
        <line num="51" type="stmt" count="1"/>
        <line num="54" type="stmt" count="1"/>
        <line num="60" type="method" name="hasEnoughSaldo" visibility="public" complexity="1" crap="1" count="3"/>
        <line num="62" type="stmt" count="3"/>
        <line num="65" type="method" name="topUps" visibility="public" complexity="1" crap="2" count="0"/>
        <line num="67" type="stmt" count="0"/>
        <metrics loc="70" ncloc="54" classes="1" methods="5" coveredmethods="3" conditionals="0" coveredconditionals="0" statements="10" coveredstatements="8" elements="15" coveredelements="11"/>
      </file>
    </package>
    <metrics files="19" loc="1616" ncloc="1131" classes="19" methods="102" coveredmethods="94" conditionals="0" coveredconditionals="0" statements="212" coveredstatements="199" elements="314" coveredelements="293"/>
  </project>
</coverage>
